<?xml version="1.0" encoding="UTF-8"?>
<!-- Generated by org.testng.reporters.JUnitXMLReporter -->
<testsuite ignored="0" hostname="LAPTOP-P8997V13" failures="0" tests="5" name="Default test" time="32.408" errors="0" timestamp="2025-07-21T11:44:10 IST">
  <testcase classname="testCases.TC03_LoginDDT" name="Verify_LoginDDT" time="12.166"/>
  <testcase classname="testCases.TC03_LoginDDT" name="Verify_LoginDDT" time="1.863"/>
  <testcase classname="testCases.TC03_LoginDDT" name="Verify_LoginDDT" time="0.917"/>
  <testcase classname="testCases.TC03_LoginDDT" name="Verify_LoginDDT" time="0.856"/>
  <testcase classname="testCases.TC03_LoginDDT" name="Verify_LoginDDT" time="11.925"/>
</testsuite> <!-- Default test -->
