<?xml version="1.0" encoding="UTF-8"?>
<!-- Generated by org.testng.reporters.JUnitXMLReporter -->
<testsuite ignored="0" hostname="LAPTOP-P8997V13" failures="0" tests="8" name="TC_01_registrationTestcase_chrome" time="22.747" errors="0" timestamp="2025-07-21T16:15:04 IST">
  <testcase classname="testCases.TC03_LoginDDT" name="Verify_LoginDDT" time="2.818"/>
  <testcase classname="testCases.TC03_LoginDDT" name="Verify_LoginDDT" time="1.371"/>
  <testcase classname="testCases.TC03_LoginDDT" name="Verify_LoginDDT" time="1.155"/>
  <testcase classname="testCases.TC03_LoginDDT" name="Verify_LoginDDT" time="1.61"/>
  <testcase classname="testCases.TC03_LoginDDT" name="Verify_LoginDDT" time="1.96"/>
  <testcase classname="testCases.TC03_LoginDDT" name="Verify_LoginDDT" time="2.776"/>
  <testcase classname="testCases.TC03_LoginDDT" name="Verify_LoginDDT" time="1.42"/>
  <testcase classname="testCases.TC03_LoginDDT" name="Verify_LoginDDT" time="2.052"/>
</testsuite> <!-- TC_01_registrationTestcase_chrome -->
