<?xml version="1.0" encoding="UTF-8"?>
<!-- Generated by org.testng.reporters.JUnitXMLReporter -->
<testsuite ignored="0" hostname="LAPTOP-P8997V13" failures="0" tests="10" name="All Tests_Chrome" time="47.168" errors="0" timestamp="2025-07-23T19:15:50 IST">
  <testcase classname="testCases.TC01_registrationTestcase" name="Registration" time="4.348"/>
  <testcase classname="testCases.TC01_loginTestCase" name="loginTest" time="2.678"/>
  <testcase classname="testCases.TC03_LoginDDT" name="Verify_LoginDDT" time="3.31"/>
  <testcase classname="testCases.TC03_LoginDDT" name="Verify_LoginDDT" time="2.042"/>
  <testcase classname="testCases.TC03_LoginDDT" name="Verify_LoginDDT" time="1.111"/>
  <testcase classname="testCases.TC03_LoginDDT" name="Verify_LoginDDT" time="4.521"/>
  <testcase classname="testCases.TC03_LoginDDT" name="Verify_LoginDDT" time="2.428"/>
  <testcase classname="testCases.TC03_LoginDDT" name="Verify_LoginDDT" time="1.258"/>
  <testcase classname="testCases.TC03_LoginDDT" name="Verify_LoginDDT" time="1.367"/>
  <testcase classname="testCases.TC03_LoginDDT" name="Verify_LoginDDT" time="2.29"/>
</testsuite> <!-- All Tests_Chrome -->
