<?xml version="1.0" encoding="UTF-8"?>
<testng-results ignored="0" total="10" passed="10" failed="0" skipped="0">
  <reporter-output>
  </reporter-output>
  <suite started-at="2025-07-23T19:14:59 IST" name="MasterSuite" finished-at="2025-07-23T19:15:46 IST" duration-ms="47168">
    <groups>
      <group name="Master">
        <method signature="TC01_loginTestCase.loginTest()[pri:0, instance:testCases.TC01_loginTestCase@6c64cb25]" name="loginTest" class="testCases.TC01_loginTestCase"/>
        <method signature="TC01_registrationTestcase.Registration()[pri:0, instance:testCases.TC01_registrationTestcase@6572421]" name="Registration" class="testCases.TC01_registrationTestcase"/>
      </group> <!-- Master -->
      <group name="Sanity">
        <method signature="TC01_loginTestCase.loginTest()[pri:0, instance:testCases.TC01_loginTestCase@6c64cb25]" name="loginTest" class="testCases.TC01_loginTestCase"/>
        <method signature="TC01_registrationTestcase.Registration()[pri:0, instance:testCases.TC01_registrationTestcase@6572421]" name="Registration" class="testCases.TC01_registrationTestcase"/>
      </group> <!-- Sanity -->
      <group name="Regression">
        <method signature="TC01_loginTestCase.loginTest()[pri:0, instance:testCases.TC01_loginTestCase@6c64cb25]" name="loginTest" class="testCases.TC01_loginTestCase"/>
        <method signature="TC01_registrationTestcase.Registration()[pri:0, instance:testCases.TC01_registrationTestcase@6572421]" name="Registration" class="testCases.TC01_registrationTestcase"/>
      </group> <!-- Regression -->
      <group name="Smoke">
        <method signature="TC01_loginTestCase.loginTest()[pri:0, instance:testCases.TC01_loginTestCase@6c64cb25]" name="loginTest" class="testCases.TC01_loginTestCase"/>
        <method signature="TC01_registrationTestcase.Registration()[pri:0, instance:testCases.TC01_registrationTestcase@6572421]" name="Registration" class="testCases.TC01_registrationTestcase"/>
      </group> <!-- Smoke -->
      <group name="Datadriven">
        <method signature="TC03_LoginDDT.Verify_LoginDDT(java.lang.String,java.lang.String,java.lang.String)[pri:0, instance:testCases.TC03_LoginDDT@6ae5aa72]" name="Verify_LoginDDT" class="testCases.TC03_LoginDDT"/>
      </group> <!-- Datadriven -->
    </groups>
    <test started-at="2025-07-23T19:14:59 IST" name="All Tests_Chrome" finished-at="2025-07-23T19:15:46 IST" duration-ms="47168">
      <class name="testCases.TC03_LoginDDT">
        <test-method is-config="true" signature="initialization(java.lang.String,java.lang.String)[pri:0, instance:testCases.TC03_LoginDDT@6ae5aa72]" started-at="2025-07-23T19:15:18 IST" name="initialization" finished-at="2025-07-23T19:15:25 IST" duration-ms="7159" status="PASS">
          <params>
            <param index="0">
              <value>
                <![CDATA[windows]]>
              </value>
            </param>
            <param index="1">
              <value>
                <![CDATA[chrome]]>
              </value>
            </param>
          </params>
          <reporter-output>
          </reporter-output>
        </test-method> <!-- initialization -->
        <test-method signature="Verify_LoginDDT(java.lang.String,java.lang.String,java.lang.String)[pri:0, instance:testCases.TC03_LoginDDT@6ae5aa72]" started-at="2025-07-23T19:15:28 IST" name="Verify_LoginDDT" data-provider="LoginData" finished-at="2025-07-23T19:15:31 IST" duration-ms="3310" status="PASS">
          <params>
            <param index="0">
              <value>
                <![CDATA[ethanhunt@gmail.com]]>
              </value>
            </param>
            <param index="1">
              <value>
                <![CDATA[Blackbeast319@!]]>
              </value>
            </param>
            <param index="2">
              <value>
                <![CDATA[valid]]>
              </value>
            </param>
          </params>
          <reporter-output>
          </reporter-output>
        </test-method> <!-- Verify_LoginDDT -->
        <test-method signature="Verify_LoginDDT(java.lang.String,java.lang.String,java.lang.String)[pri:0, instance:testCases.TC03_LoginDDT@6ae5aa72]" started-at="2025-07-23T19:15:31 IST" name="Verify_LoginDDT" data-provider="LoginData" finished-at="2025-07-23T19:15:33 IST" duration-ms="2042" status="PASS">
          <params>
            <param index="0">
              <value>
                <![CDATA[ethanhut@gmail.com]]>
              </value>
            </param>
            <param index="1">
              <value>
                <![CDATA[Blackbeast31@!]]>
              </value>
            </param>
            <param index="2">
              <value>
                <![CDATA[invalid]]>
              </value>
            </param>
          </params>
          <reporter-output>
          </reporter-output>
        </test-method> <!-- Verify_LoginDDT -->
        <test-method signature="Verify_LoginDDT(java.lang.String,java.lang.String,java.lang.String)[pri:0, instance:testCases.TC03_LoginDDT@6ae5aa72]" started-at="2025-07-23T19:15:33 IST" name="Verify_LoginDDT" data-provider="LoginData" finished-at="2025-07-23T19:15:34 IST" duration-ms="1111" status="PASS">
          <params>
            <param index="0">
              <value>
                <![CDATA[ethanhut@gmail.com]]>
              </value>
            </param>
            <param index="1">
              <value>
                <![CDATA[Blackbeast31@!]]>
              </value>
            </param>
            <param index="2">
              <value>
                <![CDATA[invalid]]>
              </value>
            </param>
          </params>
          <reporter-output>
          </reporter-output>
        </test-method> <!-- Verify_LoginDDT -->
        <test-method signature="Verify_LoginDDT(java.lang.String,java.lang.String,java.lang.String)[pri:0, instance:testCases.TC03_LoginDDT@6ae5aa72]" started-at="2025-07-23T19:15:34 IST" name="Verify_LoginDDT" data-provider="LoginData" finished-at="2025-07-23T19:15:39 IST" duration-ms="4521" status="PASS">
          <params>
            <param index="0">
              <value>
                <![CDATA[ethanhunt@gmail.com]]>
              </value>
            </param>
            <param index="1">
              <value>
                <![CDATA[Blackbeast31@!]]>
              </value>
            </param>
            <param index="2">
              <value>
                <![CDATA[invalid]]>
              </value>
            </param>
          </params>
          <reporter-output>
          </reporter-output>
        </test-method> <!-- Verify_LoginDDT -->
        <test-method signature="Verify_LoginDDT(java.lang.String,java.lang.String,java.lang.String)[pri:0, instance:testCases.TC03_LoginDDT@6ae5aa72]" started-at="2025-07-23T19:15:39 IST" name="Verify_LoginDDT" data-provider="LoginData" finished-at="2025-07-23T19:15:41 IST" duration-ms="2428" status="PASS">
          <params>
            <param index="0">
              <value>
                <![CDATA[]]>
              </value>
            </param>
            <param index="1">
              <value>
                <![CDATA[Blackbeast31@!]]>
              </value>
            </param>
            <param index="2">
              <value>
                <![CDATA[invalid]]>
              </value>
            </param>
          </params>
          <reporter-output>
          </reporter-output>
        </test-method> <!-- Verify_LoginDDT -->
        <test-method signature="Verify_LoginDDT(java.lang.String,java.lang.String,java.lang.String)[pri:0, instance:testCases.TC03_LoginDDT@6ae5aa72]" started-at="2025-07-23T19:15:41 IST" name="Verify_LoginDDT" data-provider="LoginData" finished-at="2025-07-23T19:15:42 IST" duration-ms="1258" status="PASS">
          <params>
            <param index="0">
              <value>
                <![CDATA[ethanhunt@gmail.com]]>
              </value>
            </param>
            <param index="1">
              <value>
                <![CDATA[]]>
              </value>
            </param>
            <param index="2">
              <value>
                <![CDATA[invalid]]>
              </value>
            </param>
          </params>
          <reporter-output>
          </reporter-output>
        </test-method> <!-- Verify_LoginDDT -->
        <test-method signature="Verify_LoginDDT(java.lang.String,java.lang.String,java.lang.String)[pri:0, instance:testCases.TC03_LoginDDT@6ae5aa72]" started-at="2025-07-23T19:15:42 IST" name="Verify_LoginDDT" data-provider="LoginData" finished-at="2025-07-23T19:15:44 IST" duration-ms="1367" status="PASS">
          <params>
            <param index="0">
              <value>
                <![CDATA[]]>
              </value>
            </param>
            <param index="1">
              <value>
                <![CDATA[]]>
              </value>
            </param>
            <param index="2">
              <value>
                <![CDATA[invalid]]>
              </value>
            </param>
          </params>
          <reporter-output>
          </reporter-output>
        </test-method> <!-- Verify_LoginDDT -->
        <test-method signature="Verify_LoginDDT(java.lang.String,java.lang.String,java.lang.String)[pri:0, instance:testCases.TC03_LoginDDT@6ae5aa72]" started-at="2025-07-23T19:15:44 IST" name="Verify_LoginDDT" data-provider="LoginData" finished-at="2025-07-23T19:15:46 IST" duration-ms="2290" status="PASS">
          <params>
            <param index="0">
              <value>
                <![CDATA[ethanhunt@gmail.com]]>
              </value>
            </param>
            <param index="1">
              <value>
                <![CDATA[Blackbeast319@!]]>
              </value>
            </param>
            <param index="2">
              <value>
                <![CDATA[valid]]>
              </value>
            </param>
          </params>
          <reporter-output>
          </reporter-output>
        </test-method> <!-- Verify_LoginDDT -->
        <test-method is-config="true" signature="teardown()[pri:0, instance:testCases.TC03_LoginDDT@6ae5aa72]" started-at="2025-07-23T19:15:46 IST" name="teardown" finished-at="2025-07-23T19:15:46 IST" duration-ms="376" status="PASS">
          <reporter-output>
          </reporter-output>
        </test-method> <!-- teardown -->
      </class> <!-- testCases.TC03_LoginDDT -->
      <class name="testCases.TC01_loginTestCase">
        <test-method is-config="true" signature="initialization(java.lang.String,java.lang.String)[pri:0, instance:testCases.TC01_loginTestCase@6c64cb25]" started-at="2025-07-23T19:15:09 IST" name="initialization" finished-at="2025-07-23T19:15:15 IST" duration-ms="6186" status="PASS">
          <params>
            <param index="0">
              <value>
                <![CDATA[windows]]>
              </value>
            </param>
            <param index="1">
              <value>
                <![CDATA[chrome]]>
              </value>
            </param>
          </params>
          <reporter-output>
          </reporter-output>
        </test-method> <!-- initialization -->
        <test-method signature="loginTest()[pri:0, instance:testCases.TC01_loginTestCase@6c64cb25]" started-at="2025-07-23T19:15:15 IST" name="loginTest" finished-at="2025-07-23T19:15:18 IST" duration-ms="2678" status="PASS">
          <reporter-output>
          </reporter-output>
        </test-method> <!-- loginTest -->
        <test-method is-config="true" signature="teardown()[pri:0, instance:testCases.TC01_loginTestCase@6c64cb25]" started-at="2025-07-23T19:15:18 IST" name="teardown" finished-at="2025-07-23T19:15:18 IST" duration-ms="271" status="PASS">
          <reporter-output>
          </reporter-output>
        </test-method> <!-- teardown -->
      </class> <!-- testCases.TC01_loginTestCase -->
      <class name="testCases.TC01_registrationTestcase">
        <test-method is-config="true" signature="initialization(java.lang.String,java.lang.String)[pri:0, instance:testCases.TC01_registrationTestcase@6572421]" started-at="2025-07-23T19:15:00 IST" name="initialization" finished-at="2025-07-23T19:15:04 IST" duration-ms="4711" status="PASS">
          <params>
            <param index="0">
              <value>
                <![CDATA[windows]]>
              </value>
            </param>
            <param index="1">
              <value>
                <![CDATA[chrome]]>
              </value>
            </param>
          </params>
          <reporter-output>
          </reporter-output>
        </test-method> <!-- initialization -->
        <test-method signature="Registration()[pri:0, instance:testCases.TC01_registrationTestcase@6572421]" started-at="2025-07-23T19:15:04 IST" name="Registration" finished-at="2025-07-23T19:15:09 IST" duration-ms="4348" status="PASS">
          <reporter-output>
          </reporter-output>
        </test-method> <!-- Registration -->
        <test-method is-config="true" signature="teardown()[pri:0, instance:testCases.TC01_registrationTestcase@6572421]" started-at="2025-07-23T19:15:09 IST" name="teardown" finished-at="2025-07-23T19:15:09 IST" duration-ms="285" status="PASS">
          <reporter-output>
          </reporter-output>
        </test-method> <!-- teardown -->
      </class> <!-- testCases.TC01_registrationTestcase -->
    </test> <!-- All Tests_Chrome -->
  </suite> <!-- MasterSuite -->
</testng-results>
