<?xml version="1.0" encoding="UTF-8"?>
<testsuite xmlns:xsi="http://www.w3.org/2001/XMLSchema-instance" xsi:noNamespaceSchemaLocation="https://maven.apache.org/surefire/maven-surefire-plugin/xsd/surefire-test-report-3.0.xsd" version="3.0" name="TestSuite" time="51.903" tests="10" errors="0" skipped="0" failures="0">
  <properties>
[...]
</properties>
  <testcase name="Registration" classname="testCases.TC01_registrationTestcase" time="4.328">
    <system-out><![CDATA[07-23-2025 19:15:03 BaseTest.java INFO  [TestNG-tests-1] testCases.TC01_registrationTestcase 116 - cookies deleted
07-23-2025 19:15:04 TC01_registrationTestcase.java INFO  [TestNG-tests-1] testCases.TC01_registrationTestcase 19 - ******* Started TC_01_registrationTestcase *******
07-23-2025 19:15:04 TC01_registrationTestcase.java INFO  [TestNG-tests-1] testCases.TC01_registrationTestcase 23 - Clicking on My account
07-23-2025 19:15:06 TC01_registrationTestcase.java INFO  [TestNG-tests-1] testCases.TC01_registrationTestcase 25 - Clicking on Register option
07-23-2025 19:15:07 TC01_registrationTestcase.java INFO  [TestNG-tests-1] testCases.TC01_registrationTestcase 28 - Entering Customer details
07-23-2025 19:15:07 TC01_registrationTestcase.java INFO  [TestNG-tests-1] testCases.TC01_registrationTestcase 36 - Clicking on continue button
07-23-2025 19:15:08 TC01_registrationTestcase.java INFO  [TestNG-tests-1] testCases.TC01_registrationTestcase 38 - Validating succes messge and clicking on continue button
07-23-2025 19:15:09 TC01_registrationTestcase.java INFO  [TestNG-tests-1] testCases.TC01_registrationTestcase 53 - ******* Finished TC_01_registrationTestcase *******
]]></system-out>
    <system-err><![CDATA[SLF4J(W): No SLF4J providers were found.
SLF4J(W): Defaulting to no-operation (NOP) logger implementation
SLF4J(W): See https://www.slf4j.org/codes.html#noProviders for further details.
SLF4J(W): Class path contains SLF4J bindings targeting slf4j-api versions 1.7.x or earlier.
SLF4J(W): Ignoring binding found at [jar:file:/C:/Users/phani/.m2/repository/org/apache/logging/log4j/log4j-slf4j-impl/2.17.2/log4j-slf4j-impl-2.17.2.jar!/org/slf4j/impl/StaticLoggerBinder.class]
SLF4J(W): See https://www.slf4j.org/codes.html#ignoredBindings for an explanation.
Jul 23, 2025 7:15:03 PM org.openqa.selenium.devtools.CdpVersionFinder findNearestMatch
WARNING: Unable to find CDP implementation matching 138
Jul 23, 2025 7:15:03 PM org.openqa.selenium.chromium.ChromiumDriver lambda$new$5
WARNING: Unable to find version of CDP to use for 138.0.7204.158. You may need to include a dependency on a specific version of the CDP using something similar to `org.seleniumhq.selenium:selenium-devtools-v86:4.18.1` where the version ("v86") matches the version of the chromium-based browser you're using and the version number of the artifact is the same as Selenium's.
]]></system-err>
  </testcase>
  <testcase name="loginTest" classname="testCases.TC01_loginTestCase" time="2.68">
    <system-out><![CDATA[07-23-2025 19:15:11 BaseTest.java INFO  [TestNG-tests-1] testCases.TC01_loginTestCase 116 - cookies deleted
07-23-2025 19:15:15 TC01_loginTestCase.java INFO  [TestNG-tests-1] testCases.TC01_loginTestCase 25 - ******* Started TC_01_Login Testcase *******
07-23-2025 19:15:15 TC01_loginTestCase.java INFO  [TestNG-tests-1] testCases.TC01_loginTestCase 27 - Clicked on my account
07-23-2025 19:15:16 TC01_loginTestCase.java INFO  [TestNG-tests-1] testCases.TC01_loginTestCase 29 - selected loginoption
07-23-2025 19:15:16 TC01_loginTestCase.java INFO  [TestNG-tests-1] testCases.TC01_loginTestCase 37 - login credentials enterd
07-23-2025 19:15:16 TC01_loginTestCase.java INFO  [TestNG-tests-1] testCases.TC01_loginTestCase 39 - clicked on login button
07-23-2025 19:15:17 TC01_loginTestCase.java INFO  [TestNG-tests-1] testCases.TC01_loginTestCase 41 - My Account Text is displayed
07-23-2025 19:15:17 TC01_loginTestCase.java INFO  [TestNG-tests-1] testCases.TC01_loginTestCase 43 - logout link is displayed
07-23-2025 19:15:18 TC01_loginTestCase.java INFO  [TestNG-tests-1] testCases.TC01_loginTestCase 45 - clicked on logout link
07-23-2025 19:15:18 TC01_loginTestCase.java INFO  [TestNG-tests-1] testCases.TC01_loginTestCase 47 - account logout text is displayed
07-23-2025 19:15:18 TC01_loginTestCase.java INFO  [TestNG-tests-1] testCases.TC01_loginTestCase 51 - ******* Finished TC_01_Login Testcase *******
]]></system-out>
    <system-err><![CDATA[Jul 23, 2025 7:15:11 PM org.openqa.selenium.devtools.CdpVersionFinder findNearestMatch
WARNING: Unable to find CDP implementation matching 138
Jul 23, 2025 7:15:11 PM org.openqa.selenium.chromium.ChromiumDriver lambda$new$5
WARNING: Unable to find version of CDP to use for 138.0.7204.158. You may need to include a dependency on a specific version of the CDP using something similar to `org.seleniumhq.selenium:selenium-devtools-v86:4.18.1` where the version ("v86") matches the version of the chromium-based browser you're using and the version number of the artifact is the same as Selenium's.
]]></system-err>
  </testcase>
  <testcase name="Verify_LoginDDT[ethanhunt@gmail.com, Blackbeast319@!, valid](1)" classname="testCases.TC03_LoginDDT" time="3.333">
    <system-out><![CDATA[07-23-2025 19:15:20 BaseTest.java INFO  [TestNG-tests-1] testCases.TC03_LoginDDT 116 - cookies deleted
07-23-2025 19:15:28 TC03_LoginDDT.java INFO  [TestNG-tests-1] testCases.TC03_LoginDDT 26 - ******* Started TC_03_Verify_LoginDDT *******
07-23-2025 19:15:28 TC03_LoginDDT.java INFO  [TestNG-tests-1] testCases.TC03_LoginDDT 28 - Clicked on my account
07-23-2025 19:15:28 TC03_LoginDDT.java INFO  [TestNG-tests-1] testCases.TC03_LoginDDT 30 - selected loginoption
07-23-2025 19:15:28 TC03_LoginDDT.java INFO  [TestNG-tests-1] testCases.TC03_LoginDDT 34 - Returning Customer is displayed
07-23-2025 19:15:29 TC03_LoginDDT.java INFO  [TestNG-tests-1] testCases.TC03_LoginDDT 40 - login credentials enterd
07-23-2025 19:15:30 TC03_LoginDDT.java INFO  [TestNG-tests-1] testCases.TC03_LoginDDT 42 - clicked on login button
07-23-2025 19:15:30 TC03_LoginDDT.java INFO  [TestNG-tests-1] testCases.TC03_LoginDDT 46 - My Account Text is displayed
07-23-2025 19:15:30 TC03_LoginDDT.java INFO  [TestNG-tests-1] testCases.TC03_LoginDDT 48 - logout link is displayed
07-23-2025 19:15:31 TC03_LoginDDT.java INFO  [TestNG-tests-1] testCases.TC03_LoginDDT 50 - clicked on logout link
07-23-2025 19:15:31 TC03_LoginDDT.java INFO  [TestNG-tests-1] testCases.TC03_LoginDDT 52 - account logout text is displayed
07-23-2025 19:15:31 TC03_LoginDDT.java INFO  [TestNG-tests-1] testCases.TC03_LoginDDT 72 - ******* Finished TC_03_Verify_LoginDDT *******
]]></system-out>
    <system-err><![CDATA[Jul 23, 2025 7:15:20 PM org.openqa.selenium.devtools.CdpVersionFinder findNearestMatch
WARNING: Unable to find CDP implementation matching 138
Jul 23, 2025 7:15:20 PM org.openqa.selenium.chromium.ChromiumDriver lambda$new$5
WARNING: Unable to find version of CDP to use for 138.0.7204.158. You may need to include a dependency on a specific version of the CDP using something similar to `org.seleniumhq.selenium:selenium-devtools-v86:4.18.1` where the version ("v86") matches the version of the chromium-based browser you're using and the version number of the artifact is the same as Selenium's.
]]></system-err>
  </testcase>
  <testcase name="Verify_LoginDDT[ethanhut@gmail.com, Blackbeast31@!, invalid](2)" classname="testCases.TC03_LoginDDT" time="2.027">
    <system-out><![CDATA[07-23-2025 19:15:31 TC03_LoginDDT.java INFO  [TestNG-tests-1] testCases.TC03_LoginDDT 26 - ******* Started TC_03_Verify_LoginDDT *******
07-23-2025 19:15:31 TC03_LoginDDT.java INFO  [TestNG-tests-1] testCases.TC03_LoginDDT 28 - Clicked on my account
07-23-2025 19:15:31 TC03_LoginDDT.java INFO  [TestNG-tests-1] testCases.TC03_LoginDDT 30 - selected loginoption
07-23-2025 19:15:32 TC03_LoginDDT.java INFO  [TestNG-tests-1] testCases.TC03_LoginDDT 34 - Returning Customer is displayed
07-23-2025 19:15:32 TC03_LoginDDT.java INFO  [TestNG-tests-1] testCases.TC03_LoginDDT 40 - login credentials enterd
07-23-2025 19:15:32 TC03_LoginDDT.java INFO  [TestNG-tests-1] testCases.TC03_LoginDDT 42 - clicked on login button
07-23-2025 19:15:33 TC03_LoginDDT.java INFO  [TestNG-tests-1] testCases.TC03_LoginDDT 61 - warning message is displayed 
07-23-2025 19:15:33 TC03_LoginDDT.java INFO  [TestNG-tests-1] testCases.TC03_LoginDDT 72 - ******* Finished TC_03_Verify_LoginDDT *******
]]></system-out>
  </testcase>
  <testcase name="Verify_LoginDDT[ethanhut@gmail.com, Blackbeast31@!, invalid](3)" classname="testCases.TC03_LoginDDT" time="1.113">
    <system-out><![CDATA[07-23-2025 19:15:33 TC03_LoginDDT.java INFO  [TestNG-tests-1] testCases.TC03_LoginDDT 26 - ******* Started TC_03_Verify_LoginDDT *******
07-23-2025 19:15:33 TC03_LoginDDT.java INFO  [TestNG-tests-1] testCases.TC03_LoginDDT 28 - Clicked on my account
07-23-2025 19:15:33 TC03_LoginDDT.java INFO  [TestNG-tests-1] testCases.TC03_LoginDDT 30 - selected loginoption
07-23-2025 19:15:33 TC03_LoginDDT.java INFO  [TestNG-tests-1] testCases.TC03_LoginDDT 34 - Returning Customer is displayed
07-23-2025 19:15:34 TC03_LoginDDT.java INFO  [TestNG-tests-1] testCases.TC03_LoginDDT 40 - login credentials enterd
07-23-2025 19:15:34 TC03_LoginDDT.java INFO  [TestNG-tests-1] testCases.TC03_LoginDDT 42 - clicked on login button
07-23-2025 19:15:34 TC03_LoginDDT.java INFO  [TestNG-tests-1] testCases.TC03_LoginDDT 61 - warning message is displayed 
07-23-2025 19:15:34 TC03_LoginDDT.java INFO  [TestNG-tests-1] testCases.TC03_LoginDDT 72 - ******* Finished TC_03_Verify_LoginDDT *******
]]></system-out>
  </testcase>
  <testcase name="Verify_LoginDDT[ethanhunt@gmail.com, Blackbeast31@!, invalid](4)" classname="testCases.TC03_LoginDDT" time="4.521">
    <system-out><![CDATA[07-23-2025 19:15:34 TC03_LoginDDT.java INFO  [TestNG-tests-1] testCases.TC03_LoginDDT 26 - ******* Started TC_03_Verify_LoginDDT *******
07-23-2025 19:15:34 TC03_LoginDDT.java INFO  [TestNG-tests-1] testCases.TC03_LoginDDT 28 - Clicked on my account
07-23-2025 19:15:37 TC03_LoginDDT.java INFO  [TestNG-tests-1] testCases.TC03_LoginDDT 30 - selected loginoption
07-23-2025 19:15:37 TC03_LoginDDT.java INFO  [TestNG-tests-1] testCases.TC03_LoginDDT 34 - Returning Customer is displayed
07-23-2025 19:15:37 TC03_LoginDDT.java INFO  [TestNG-tests-1] testCases.TC03_LoginDDT 40 - login credentials enterd
07-23-2025 19:15:37 TC03_LoginDDT.java INFO  [TestNG-tests-1] testCases.TC03_LoginDDT 42 - clicked on login button
07-23-2025 19:15:39 TC03_LoginDDT.java INFO  [TestNG-tests-1] testCases.TC03_LoginDDT 61 - warning message is displayed 
07-23-2025 19:15:39 TC03_LoginDDT.java INFO  [TestNG-tests-1] testCases.TC03_LoginDDT 72 - ******* Finished TC_03_Verify_LoginDDT *******
]]></system-out>
  </testcase>
  <testcase name="Verify_LoginDDT[, Blackbeast31@!, invalid](5)" classname="testCases.TC03_LoginDDT" time="2.429">
    <system-out><![CDATA[07-23-2025 19:15:39 TC03_LoginDDT.java INFO  [TestNG-tests-1] testCases.TC03_LoginDDT 26 - ******* Started TC_03_Verify_LoginDDT *******
07-23-2025 19:15:39 TC03_LoginDDT.java INFO  [TestNG-tests-1] testCases.TC03_LoginDDT 28 - Clicked on my account
07-23-2025 19:15:39 TC03_LoginDDT.java INFO  [TestNG-tests-1] testCases.TC03_LoginDDT 30 - selected loginoption
07-23-2025 19:15:39 TC03_LoginDDT.java INFO  [TestNG-tests-1] testCases.TC03_LoginDDT 34 - Returning Customer is displayed
07-23-2025 19:15:39 TC03_LoginDDT.java INFO  [TestNG-tests-1] testCases.TC03_LoginDDT 40 - login credentials enterd
07-23-2025 19:15:39 TC03_LoginDDT.java INFO  [TestNG-tests-1] testCases.TC03_LoginDDT 42 - clicked on login button
07-23-2025 19:15:41 TC03_LoginDDT.java INFO  [TestNG-tests-1] testCases.TC03_LoginDDT 61 - warning message is displayed 
07-23-2025 19:15:41 TC03_LoginDDT.java INFO  [TestNG-tests-1] testCases.TC03_LoginDDT 72 - ******* Finished TC_03_Verify_LoginDDT *******
]]></system-out>
  </testcase>
  <testcase name="Verify_LoginDDT[ethanhunt@gmail.com, , invalid](6)" classname="testCases.TC03_LoginDDT" time="1.26">
    <system-out><![CDATA[07-23-2025 19:15:41 TC03_LoginDDT.java INFO  [TestNG-tests-1] testCases.TC03_LoginDDT 26 - ******* Started TC_03_Verify_LoginDDT *******
07-23-2025 19:15:41 TC03_LoginDDT.java INFO  [TestNG-tests-1] testCases.TC03_LoginDDT 28 - Clicked on my account
07-23-2025 19:15:41 TC03_LoginDDT.java INFO  [TestNG-tests-1] testCases.TC03_LoginDDT 30 - selected loginoption
07-23-2025 19:15:42 TC03_LoginDDT.java INFO  [TestNG-tests-1] testCases.TC03_LoginDDT 34 - Returning Customer is displayed
07-23-2025 19:15:42 TC03_LoginDDT.java INFO  [TestNG-tests-1] testCases.TC03_LoginDDT 40 - login credentials enterd
07-23-2025 19:15:42 TC03_LoginDDT.java INFO  [TestNG-tests-1] testCases.TC03_LoginDDT 42 - clicked on login button
07-23-2025 19:15:42 TC03_LoginDDT.java INFO  [TestNG-tests-1] testCases.TC03_LoginDDT 61 - warning message is displayed 
07-23-2025 19:15:42 TC03_LoginDDT.java INFO  [TestNG-tests-1] testCases.TC03_LoginDDT 72 - ******* Finished TC_03_Verify_LoginDDT *******
]]></system-out>
  </testcase>
  <testcase name="Verify_LoginDDT[, , invalid](7)" classname="testCases.TC03_LoginDDT" time="1.367">
    <system-out><![CDATA[07-23-2025 19:15:42 TC03_LoginDDT.java INFO  [TestNG-tests-1] testCases.TC03_LoginDDT 26 - ******* Started TC_03_Verify_LoginDDT *******
07-23-2025 19:15:42 TC03_LoginDDT.java INFO  [TestNG-tests-1] testCases.TC03_LoginDDT 28 - Clicked on my account
07-23-2025 19:15:43 TC03_LoginDDT.java INFO  [TestNG-tests-1] testCases.TC03_LoginDDT 30 - selected loginoption
07-23-2025 19:15:43 TC03_LoginDDT.java INFO  [TestNG-tests-1] testCases.TC03_LoginDDT 34 - Returning Customer is displayed
07-23-2025 19:15:43 TC03_LoginDDT.java INFO  [TestNG-tests-1] testCases.TC03_LoginDDT 40 - login credentials enterd
07-23-2025 19:15:44 TC03_LoginDDT.java INFO  [TestNG-tests-1] testCases.TC03_LoginDDT 42 - clicked on login button
07-23-2025 19:15:44 TC03_LoginDDT.java INFO  [TestNG-tests-1] testCases.TC03_LoginDDT 61 - warning message is displayed 
07-23-2025 19:15:44 TC03_LoginDDT.java INFO  [TestNG-tests-1] testCases.TC03_LoginDDT 72 - ******* Finished TC_03_Verify_LoginDDT *******
]]></system-out>
  </testcase>
  <testcase name="Verify_LoginDDT[ethanhunt@gmail.com, Blackbeast319@!, valid](8)" classname="testCases.TC03_LoginDDT" time="2.292">
    <system-out><![CDATA[07-23-2025 19:15:44 TC03_LoginDDT.java INFO  [TestNG-tests-1] testCases.TC03_LoginDDT 26 - ******* Started TC_03_Verify_LoginDDT *******
07-23-2025 19:15:44 TC03_LoginDDT.java INFO  [TestNG-tests-1] testCases.TC03_LoginDDT 28 - Clicked on my account
07-23-2025 19:15:44 TC03_LoginDDT.java INFO  [TestNG-tests-1] testCases.TC03_LoginDDT 30 - selected loginoption
07-23-2025 19:15:44 TC03_LoginDDT.java INFO  [TestNG-tests-1] testCases.TC03_LoginDDT 34 - Returning Customer is displayed
07-23-2025 19:15:44 TC03_LoginDDT.java INFO  [TestNG-tests-1] testCases.TC03_LoginDDT 40 - login credentials enterd
07-23-2025 19:15:45 TC03_LoginDDT.java INFO  [TestNG-tests-1] testCases.TC03_LoginDDT 42 - clicked on login button
07-23-2025 19:15:45 TC03_LoginDDT.java INFO  [TestNG-tests-1] testCases.TC03_LoginDDT 46 - My Account Text is displayed
07-23-2025 19:15:45 TC03_LoginDDT.java INFO  [TestNG-tests-1] testCases.TC03_LoginDDT 48 - logout link is displayed
07-23-2025 19:15:46 TC03_LoginDDT.java INFO  [TestNG-tests-1] testCases.TC03_LoginDDT 50 - clicked on logout link
07-23-2025 19:15:46 TC03_LoginDDT.java INFO  [TestNG-tests-1] testCases.TC03_LoginDDT 52 - account logout text is displayed
07-23-2025 19:15:46 TC03_LoginDDT.java INFO  [TestNG-tests-1] testCases.TC03_LoginDDT 72 - ******* Finished TC_03_Verify_LoginDDT *******
]]></system-out>
  </testcase>
</testsuite>