<?xml version="1.0" encoding="UTF-8"?>
<testng-results ignored="0" total="1" passed="1" failed="0" skipped="0">
  <reporter-output>
  </reporter-output>
  <suite started-at="2025-07-23T17:51:24 IST" name="Suite" finished-at="2025-07-23T17:51:52 IST" duration-ms="28098">
    <groups>
      <group name="Master">
        <method signature="TC01_loginTestCase.loginTest()[pri:0, instance:testCases.TC01_loginTestCase@609e8838]" name="loginTest" class="testCases.TC01_loginTestCase"/>
      </group> <!-- Master -->
      <group name="Sanity">
        <method signature="TC01_loginTestCase.loginTest()[pri:0, instance:testCases.TC01_loginTestCase@609e8838]" name="loginTest" class="testCases.TC01_loginTestCase"/>
      </group> <!-- Sanity -->
      <group name="Regression">
        <method signature="TC01_loginTestCase.loginTest()[pri:0, instance:testCases.TC01_loginTestCase@609e8838]" name="loginTest" class="testCases.TC01_loginTestCase"/>
      </group> <!-- Regression -->
      <group name="Smoke">
        <method signature="TC01_loginTestCase.loginTest()[pri:0, instance:testCases.TC01_loginTestCase@609e8838]" name="loginTest" class="testCases.TC01_loginTestCase"/>
      </group> <!-- Smoke -->
    </groups>
    <test started-at="2025-07-23T17:51:24 IST" name="linux_firefox" finished-at="2025-07-23T17:51:52 IST" duration-ms="28098">
      <class name="testCases.TC01_loginTestCase">
        <test-method is-config="true" signature="initialization(java.lang.String,java.lang.String)[pri:0, instance:testCases.TC01_loginTestCase@609e8838]" started-at="2025-07-23T17:51:24 IST" name="initialization" finished-at="2025-07-23T17:51:46 IST" duration-ms="21418" status="PASS">
          <params>
            <param index="0">
              <value>
                <![CDATA[linux]]>
              </value>
            </param>
            <param index="1">
              <value>
                <![CDATA[firefox]]>
              </value>
            </param>
          </params>
          <reporter-output>
          </reporter-output>
        </test-method> <!-- initialization -->
        <test-method signature="loginTest()[pri:0, instance:testCases.TC01_loginTestCase@609e8838]" started-at="2025-07-23T17:51:46 IST" name="loginTest" finished-at="2025-07-23T17:51:50 IST" duration-ms="4592" status="PASS">
          <reporter-output>
          </reporter-output>
        </test-method> <!-- loginTest -->
        <test-method is-config="true" signature="teardown()[pri:0, instance:testCases.TC01_loginTestCase@609e8838]" started-at="2025-07-23T17:51:50 IST" name="teardown" finished-at="2025-07-23T17:51:52 IST" duration-ms="1419" status="PASS">
          <reporter-output>
          </reporter-output>
        </test-method> <!-- teardown -->
      </class> <!-- testCases.TC01_loginTestCase -->
    </test> <!-- linux_firefox -->
  </suite> <!-- Suite -->
</testng-results>
