<?xml version="1.0" encoding="UTF-8"?>
<testng-results ignored="0" total="2" passed="2" failed="0" skipped="0">
  <reporter-output>
  </reporter-output>
  <suite started-at="2025-07-17T15:06:16 IST" name="Suite" finished-at="2025-07-17T15:06:31 IST" duration-ms="14852">
    <groups>
    </groups>
    <test started-at="2025-07-17T15:06:16 IST" name="loginTest" finished-at="2025-07-17T15:06:31 IST" duration-ms="14852">
      <class name="testCases.TC01_loginTestCase">
        <test-method is-config="true" signature="initialization()[pri:0, instance:testCases.TC01_loginTestCase@642a7222]" started-at="2025-07-17T15:06:25 IST" name="initialization" finished-at="2025-07-17T15:06:29 IST" duration-ms="4175" status="PASS">
          <reporter-output>
          </reporter-output>
        </test-method> <!-- initialization -->
        <test-method signature="loginTest()[pri:0, instance:testCases.TC01_loginTestCase@642a7222]" started-at="2025-07-17T15:06:29 IST" name="loginTest" finished-at="2025-07-17T15:06:31 IST" duration-ms="1773" status="PASS">
          <reporter-output>
          </reporter-output>
        </test-method> <!-- loginTest -->
        <test-method is-config="true" signature="teardown()[pri:0, instance:testCases.TC01_loginTestCase@642a7222]" started-at="2025-07-17T15:06:31 IST" name="teardown" finished-at="2025-07-17T15:06:31 IST" duration-ms="298" status="PASS">
          <reporter-output>
          </reporter-output>
        </test-method> <!-- teardown -->
      </class> <!-- testCases.TC01_loginTestCase -->
      <class name="testCases.TC_01_registrationTestcase">
        <test-method is-config="true" signature="initialization()[pri:0, instance:testCases.TC_01_registrationTestcase@35841320]" started-at="2025-07-17T15:06:16 IST" name="initialization" finished-at="2025-07-17T15:06:21 IST" duration-ms="5093" status="PASS">
          <reporter-output>
          </reporter-output>
        </test-method> <!-- initialization -->
        <test-method signature="Registration()[pri:0, instance:testCases.TC_01_registrationTestcase@35841320]" started-at="2025-07-17T15:06:21 IST" name="Registration" finished-at="2025-07-17T15:06:24 IST" duration-ms="3005" status="PASS">
          <reporter-output>
          </reporter-output>
        </test-method> <!-- Registration -->
        <test-method is-config="true" signature="teardown()[pri:0, instance:testCases.TC_01_registrationTestcase@35841320]" started-at="2025-07-17T15:06:24 IST" name="teardown" finished-at="2025-07-17T15:06:25 IST" duration-ms="439" status="PASS">
          <reporter-output>
          </reporter-output>
        </test-method> <!-- teardown -->
      </class> <!-- testCases.TC_01_registrationTestcase -->
    </test> <!-- loginTest -->
  </suite> <!-- Suite -->
</testng-results>
