<?xml version="1.0" encoding="UTF-8"?>
<!-- Generated by org.testng.reporters.JUnitXMLReporter -->
<testsuite ignored="0" hostname="LAPTOP-P8997V13" failures="0" tests="10" name="All Tests_firefox" time="56.99" errors="0" timestamp="2025-07-22T13:08:22 IST">
  <testcase classname="testCases.TC01_registrationTestcase" name="Registration" time="2.735"/>
  <testcase classname="testCases.TC01_loginTestCase" name="loginTest" time="2.882"/>
  <testcase classname="testCases.TC03_LoginDDT" name="Verify_LoginDDT" time="2.357"/>
  <testcase classname="testCases.TC03_LoginDDT" name="Verify_LoginDDT" time="1.717"/>
  <testcase classname="testCases.TC03_LoginDDT" name="Verify_LoginDDT" time="1.326"/>
  <testcase classname="testCases.TC03_LoginDDT" name="Verify_LoginDDT" time="1.522"/>
  <testcase classname="testCases.TC03_LoginDDT" name="Verify_LoginDDT" time="3.119"/>
  <testcase classname="testCases.TC03_LoginDDT" name="Verify_LoginDDT" time="2.497"/>
  <testcase classname="testCases.TC03_LoginDDT" name="Verify_LoginDDT" time="1.422"/>
  <testcase classname="testCases.TC03_LoginDDT" name="Verify_LoginDDT" time="2.976"/>
</testsuite> <!-- All Tests_firefox -->
