<?xml version="1.0" encoding="UTF-8"?>
<!-- Generated by org.testng.reporters.JUnitXMLReporter -->
<testsuite ignored="0" hostname="LAPTOP-P8997V13" failures="0" tests="10" name="All Tests_Chrome" time="46.943" errors="0" timestamp="2025-07-22T13:31:36 IST">
  <testcase classname="testCases.TC01_registrationTestcase" name="Registration" time="3.43"/>
  <testcase classname="testCases.TC01_loginTestCase" name="loginTest" time="2.903"/>
  <testcase classname="testCases.TC03_LoginDDT" name="Verify_LoginDDT" time="2.939"/>
  <testcase classname="testCases.TC03_LoginDDT" name="Verify_LoginDDT" time="1.921"/>
  <testcase classname="testCases.TC03_LoginDDT" name="Verify_LoginDDT" time="3.336"/>
  <testcase classname="testCases.TC03_LoginDDT" name="Verify_LoginDDT" time="2.24"/>
  <testcase classname="testCases.TC03_LoginDDT" name="Verify_LoginDDT" time="1.517"/>
  <testcase classname="testCases.TC03_LoginDDT" name="Verify_LoginDDT" time="1.275"/>
  <testcase classname="testCases.TC03_LoginDDT" name="Verify_LoginDDT" time="1.448"/>
  <testcase classname="testCases.TC03_LoginDDT" name="Verify_LoginDDT" time="2.103"/>
</testsuite> <!-- All Tests_Chrome -->
