<?xml version="1.0" encoding="UTF-8"?>
<!-- Generated by org.testng.reporters.JUnitXMLReporter -->
<testsuite ignored="1" hostname="LAPTOP-P8997V13" failures="0" tests="2" name="loginTest" time="16.122" errors="0" timestamp="2025-07-21T13:39:50 IST">
  <testcase classname="testCases.TC_01_registrationTestcase" name="Registration" time="2.971"/>
  <testcase classname="testCases.TC01_loginTestCase" name="loginTest" time="2.316"/>
  <testcase classname="testCases.TC03_LoginDDT" name="Verify_LoginDDT" time="0.0">
    <ignored/>
  </testcase> <!-- Verify_LoginDDT -->
</testsuite> <!-- loginTest -->
