<?xml version="1.0" encoding="UTF-8"?>
<!-- Generated by org.testng.reporters.JUnitXMLReporter -->
<testsuite ignored="0" hostname="LAPTOP-P8997V13" failures="0" tests="10" name="loginTest" time="68.781" errors="0" timestamp="2025-07-21T15:00:02 IST">
  <testcase classname="testCases.TC_01_registrationTestcase" name="Registration" time="3.606"/>
  <testcase classname="testCases.TC01_loginTestCase" name="loginTest" time="3.318"/>
  <testcase classname="testCases.TC03_LoginDDT" name="Verify_LoginDDT" time="12.862"/>
  <testcase classname="testCases.TC03_LoginDDT" name="Verify_LoginDDT" time="1.527"/>
  <testcase classname="testCases.TC03_LoginDDT" name="Verify_LoginDDT" time="2.644"/>
  <testcase classname="testCases.TC03_LoginDDT" name="Verify_LoginDDT" time="2.256"/>
  <testcase classname="testCases.TC03_LoginDDT" name="Verify_LoginDDT" time="12.505"/>
  <testcase classname="testCases.TC03_LoginDDT" name="Verify_LoginDDT" time="1.735"/>
  <testcase classname="testCases.TC03_LoginDDT" name="Verify_LoginDDT" time="1.536"/>
  <testcase classname="testCases.TC03_LoginDDT" name="Verify_LoginDDT" time="1.336"/>
</testsuite> <!-- loginTest -->
